<?xml version="1.0" encoding="UTF-8"?>
<testng-results skipped="0" failed="0" total="3" passed="3">
  <reporter-output>
  </reporter-output>
  <suite name="Default suite" duration-ms="91468" started-at="2018-06-14T10:27:53Z" finished-at="2018-06-14T10:29:24Z">
    <groups>
    </groups>
    <test name="Default test" duration-ms="91468" started-at="2018-06-14T10:27:53Z" finished-at="2018-06-14T10:29:24Z">
      <class name="com.crm.qa.testcase.HomePageTest">
        <test-method status="PASS" signature="setUp()[pri:0, instance:com.crm.qa.testcase.HomePageTest@7fa833]" name="setUp" is-config="true" duration-ms="26375" started-at="2018-06-14T15:57:53Z" finished-at="2018-06-14T15:58:19Z">
          <reporter-output>
          </reporter-output>
        </test-method> <!-- setUp -->
        <test-method status="PASS" signature="verifyHomePageTitleTest()[pri:0, instance:com.crm.qa.testcase.HomePageTest@7fa833]" name="verifyHomePageTitleTest" duration-ms="15" started-at="2018-06-14T15:58:19Z" finished-at="2018-06-14T15:58:19Z">
          <reporter-output>
          </reporter-output>
        </test-method> <!-- verifyHomePageTitleTest -->
        <test-method status="PASS" signature="tearDown()[pri:0, instance:com.crm.qa.testcase.HomePageTest@7fa833]" name="tearDown" is-config="true" duration-ms="605" started-at="2018-06-14T15:58:19Z" finished-at="2018-06-14T15:58:20Z">
          <reporter-output>
          </reporter-output>
        </test-method> <!-- tearDown -->
        <test-method status="PASS" signature="setUp()[pri:0, instance:com.crm.qa.testcase.HomePageTest@7fa833]" name="setUp" is-config="true" duration-ms="29491" started-at="2018-06-14T15:58:20Z" finished-at="2018-06-14T15:58:49Z">
          <reporter-output>
          </reporter-output>
        </test-method> <!-- setUp -->
        <test-method status="PASS" signature="verifyUserNameTest()[pri:0, instance:com.crm.qa.testcase.HomePageTest@7fa833]" name="verifyUserNameTest" duration-ms="85" started-at="2018-06-14T15:58:49Z" finished-at="2018-06-14T15:58:50Z">
          <reporter-output>
          </reporter-output>
        </test-method> <!-- verifyUserNameTest -->
        <test-method status="PASS" signature="tearDown()[pri:0, instance:com.crm.qa.testcase.HomePageTest@7fa833]" name="tearDown" is-config="true" duration-ms="598" started-at="2018-06-14T15:58:50Z" finished-at="2018-06-14T15:58:50Z">
          <reporter-output>
          </reporter-output>
        </test-method> <!-- tearDown -->
        <test-method status="PASS" signature="setUp()[pri:0, instance:com.crm.qa.testcase.HomePageTest@7fa833]" name="setUp" is-config="true" duration-ms="33518" started-at="2018-06-14T15:58:50Z" finished-at="2018-06-14T15:59:24Z">
          <reporter-output>
          </reporter-output>
        </test-method> <!-- setUp -->
        <test-method status="PASS" signature="verifyContactsLinkTest()[pri:0, instance:com.crm.qa.testcase.HomePageTest@7fa833]" name="verifyContactsLinkTest" duration-ms="161" started-at="2018-06-14T15:59:24Z" finished-at="2018-06-14T15:59:24Z">
          <reporter-output>
          </reporter-output>
        </test-method> <!-- verifyContactsLinkTest -->
        <test-method status="PASS" signature="tearDown()[pri:0, instance:com.crm.qa.testcase.HomePageTest@7fa833]" name="tearDown" is-config="true" duration-ms="600" started-at="2018-06-14T15:59:24Z" finished-at="2018-06-14T15:59:24Z">
          <reporter-output>
          </reporter-output>
        </test-method> <!-- tearDown -->
      </class> <!-- com.crm.qa.testcase.HomePageTest -->
    </test> <!-- Default test -->
  </suite> <!-- Default suite -->
</testng-results>
