<?xml version="1.0" encoding="UTF-8"?>
<testng-results skipped="0" failed="1" ignored="0" total="1" passed="0">
  <reporter-output>
  </reporter-output>
  <suite name="Default suite" duration-ms="49442" started-at="2019-03-14T04:18:29Z" finished-at="2019-03-14T04:19:18Z">
    <groups>
    </groups>
    <test name="Default test" duration-ms="49442" started-at="2019-03-14T04:18:29Z" finished-at="2019-03-14T04:19:18Z">
      <class name="BabyScaleDDNew">
        <test-method status="PASS" signature="g()[pri:0, instance:BabyScaleDDNew@965684]" name="g" is-config="true" duration-ms="796" started-at="2019-03-14T09:48:29Z" finished-at="2019-03-14T09:48:30Z">
          <reporter-output>
          </reporter-output>
        </test-method> <!-- g -->
        <test-method status="FAIL" signature="main()[pri:0, instance:BabyScaleDDNew@965684]" name="main" duration-ms="48605" started-at="2019-03-14T09:48:30Z" finished-at="2019-03-14T09:49:18Z">
          <exception class="org.openqa.selenium.NoSuchElementException">
            <message>
              <![CDATA[An element could not be located on the page using the given search parameters. (WARNING: The server did not provide any stacktrace information)
Command duration or timeout: 463 milliseconds
For documentation on this error, please visit: http://seleniumhq.org/exceptions/no_such_element.html
Build info: version: '2.53.1', revision: 'a36b8b1cd5757287168e54b817830adce9b0158d', time: '2016-06-30 19:26:09'
System info: host: 'DESKTOP-OT8OU31', ip: '192.168.1.108', os.name: 'Windows 10', os.arch: 'x86', os.version: '10.0', java.version: '1.8.0_131'
Driver info: io.appium.java_client.android.AndroidDriver
Capabilities [{app=C:\Users\unit2a\Downloads\app-debug.apk, appPackage=com.ozeri.babyscale, deviceScreenSize=720x1280, networkConnectionEnabled=true, warnings={}, appWaitPackage=com.ozeri.babyscale, appWaitActivity=com.ozeri.babyscale.presentation.splash.SplashActivity, databaseEnabled=false, deviceName=0123456789ABCDEF, platform=ANDROID, deviceUDID=0123456789ABCDEF, appActivity=com.ozeri.babyscale.presentation.splash.SplashActivity, desired={app=C:\Users\unit2a\Downloads\app-debug.apk, platformVersion=5.0, unicodeKeyboard=true, platformName=Android, deviceName=TestOneAdb1, platform=ANDROID, resetKeyboard=true}, platformVersion=5.0, webStorageEnabled=false, locationContextEnabled=false, takesScreenshot=true, javascriptEnabled=true, deviceModel=Micromax Q345, unicodeKeyboard=true, platformName=Android, deviceManufacturer=Micromax, resetKeyboard=true}]
Session ID: 9fde71c4-e2c4-4802-8568-713804a518a3
*** Element info: {Using=id, value=com.android.packageinstaller:id/permission_allow_button}]]>
            </message>
            <full-stacktrace>
              <![CDATA[org.openqa.selenium.NoSuchElementException: An element could not be located on the page using the given search parameters. (WARNING: The server did not provide any stacktrace information)
Command duration or timeout: 463 milliseconds
For documentation on this error, please visit: http://seleniumhq.org/exceptions/no_such_element.html
Build info: version: '2.53.1', revision: 'a36b8b1cd5757287168e54b817830adce9b0158d', time: '2016-06-30 19:26:09'
System info: host: 'DESKTOP-OT8OU31', ip: '192.168.1.108', os.name: 'Windows 10', os.arch: 'x86', os.version: '10.0', java.version: '1.8.0_131'
Driver info: io.appium.java_client.android.AndroidDriver
Capabilities [{app=C:\Users\unit2a\Downloads\app-debug.apk, appPackage=com.ozeri.babyscale, deviceScreenSize=720x1280, networkConnectionEnabled=true, warnings={}, appWaitPackage=com.ozeri.babyscale, appWaitActivity=com.ozeri.babyscale.presentation.splash.SplashActivity, databaseEnabled=false, deviceName=0123456789ABCDEF, platform=ANDROID, deviceUDID=0123456789ABCDEF, appActivity=com.ozeri.babyscale.presentation.splash.SplashActivity, desired={app=C:\Users\unit2a\Downloads\app-debug.apk, platformVersion=5.0, unicodeKeyboard=true, platformName=Android, deviceName=TestOneAdb1, platform=ANDROID, resetKeyboard=true}, platformVersion=5.0, webStorageEnabled=false, locationContextEnabled=false, takesScreenshot=true, javascriptEnabled=true, deviceModel=Micromax Q345, unicodeKeyboard=true, platformName=Android, deviceManufacturer=Micromax, resetKeyboard=true}]
Session ID: 9fde71c4-e2c4-4802-8568-713804a518a3
*** Element info: {Using=id, value=com.android.packageinstaller:id/permission_allow_button}
	at sun.reflect.NativeConstructorAccessorImpl.newInstance0(Native Method)
	at sun.reflect.NativeConstructorAccessorImpl.newInstance(NativeConstructorAccessorImpl.java:62)
	at sun.reflect.DelegatingConstructorAccessorImpl.newInstance(DelegatingConstructorAccessorImpl.java:45)
	at java.lang.reflect.Constructor.newInstance(Constructor.java:423)
	at org.openqa.selenium.remote.ErrorHandler.createThrowable(ErrorHandler.java:206)
	at org.openqa.selenium.remote.ErrorHandler.throwIfResponseFailed(ErrorHandler.java:158)
	at org.openqa.selenium.remote.RemoteWebDriver.execute(RemoteWebDriver.java:678)
	at io.appium.java_client.DefaultGenericMobileDriver.execute(DefaultGenericMobileDriver.java:40)
	at io.appium.java_client.AppiumDriver.execute(AppiumDriver.java:1)
	at io.appium.java_client.android.AndroidDriver.execute(AndroidDriver.java:1)
	at org.openqa.selenium.remote.RemoteWebDriver.findElement(RemoteWebDriver.java:363)
	at io.appium.java_client.DefaultGenericMobileDriver.findElement(DefaultGenericMobileDriver.java:56)
	at io.appium.java_client.AppiumDriver.findElement(AppiumDriver.java:1)
	at io.appium.java_client.android.AndroidDriver.findElement(AndroidDriver.java:1)
	at org.openqa.selenium.remote.RemoteWebDriver.findElementById(RemoteWebDriver.java:413)
	at io.appium.java_client.DefaultGenericMobileDriver.findElementById(DefaultGenericMobileDriver.java:64)
	at io.appium.java_client.AppiumDriver.findElementById(AppiumDriver.java:1)
	at io.appium.java_client.android.AndroidDriver.findElementById(AndroidDriver.java:1)
	at BabyScaleDDNew.Reading(BabyScaleDDNew.java:81)
	at BabyScaleDDNew.main(BabyScaleDDNew.java:62)
	at sun.reflect.NativeMethodAccessorImpl.invoke0(Native Method)
	at sun.reflect.NativeMethodAccessorImpl.invoke(NativeMethodAccessorImpl.java:62)
	at sun.reflect.DelegatingMethodAccessorImpl.invoke(DelegatingMethodAccessorImpl.java:43)
	at java.lang.reflect.Method.invoke(Method.java:498)
	at org.testng.internal.MethodInvocationHelper.invokeMethod(MethodInvocationHelper.java:104)
	at org.testng.internal.Invoker.invokeMethod(Invoker.java:645)
	at org.testng.internal.Invoker.invokeTestMethod(Invoker.java:851)
	at org.testng.internal.Invoker.invokeTestMethods(Invoker.java:1177)
	at org.testng.internal.TestMethodWorker.invokeTestMethods(TestMethodWorker.java:129)
	at org.testng.internal.TestMethodWorker.run(TestMethodWorker.java:112)
	at org.testng.TestRunner.privateRun(TestRunner.java:756)
	at org.testng.TestRunner.run(TestRunner.java:610)
	at org.testng.SuiteRunner.runTest(SuiteRunner.java:387)
	at org.testng.SuiteRunner.runSequentially(SuiteRunner.java:382)
	at org.testng.SuiteRunner.privateRun(SuiteRunner.java:340)
	at org.testng.SuiteRunner.run(SuiteRunner.java:289)
	at org.testng.SuiteRunnerWorker.runSuite(SuiteRunnerWorker.java:52)
	at org.testng.SuiteRunnerWorker.run(SuiteRunnerWorker.java:86)
	at org.testng.TestNG.runSuitesSequentially(TestNG.java:1293)
	at org.testng.TestNG.runSuitesLocally(TestNG.java:1218)
	at org.testng.TestNG.runSuites(TestNG.java:1133)
	at org.testng.TestNG.run(TestNG.java:1104)
	at org.testng.remote.AbstractRemoteTestNG.run(AbstractRemoteTestNG.java:114)
	at org.testng.remote.RemoteTestNG.initAndRun(RemoteTestNG.java:251)
	at org.testng.remote.RemoteTestNG.main(RemoteTestNG.java:77)
]]>
            </full-stacktrace>
          </exception> <!-- org.openqa.selenium.NoSuchElementException -->
          <reporter-output>
          </reporter-output>
        </test-method> <!-- main -->
      </class> <!-- BabyScaleDDNew -->
    </test> <!-- Default test -->
  </suite> <!-- Default suite -->
</testng-results>
