<?xml version="1.0" encoding="UTF-8"?>
<testng-results skipped="0" failed="1" ignored="0" total="1" passed="0">
  <reporter-output>
  </reporter-output>
  <suite name="Default suite" duration-ms="28883" started-at="2018-11-23T07:30:47Z" finished-at="2018-11-23T07:31:16Z">
    <groups>
    </groups>
    <test name="Default test" duration-ms="28883" started-at="2018-11-23T07:30:47Z" finished-at="2018-11-23T07:31:16Z">
      <class name="appiumrecenttest.Appium1">
        <test-method status="PASS" signature="setUp()[pri:0, instance:appiumrecenttest.Appium1@10587f1]" name="setUp" is-config="true" duration-ms="17756" started-at="2018-11-23T13:00:47Z" finished-at="2018-11-23T13:01:05Z">
          <reporter-output>
          </reporter-output>
        </test-method> <!-- setUp -->
        <test-method status="FAIL" signature="TestMethod()[pri:0, instance:appiumrecenttest.Appium1@10587f1]" name="TestMethod" duration-ms="11101" started-at="2018-11-23T13:01:05Z" finished-at="2018-11-23T13:01:16Z">
          <exception class="org.openqa.selenium.WebDriverException">
            <message>
              <![CDATA[Method has not yet been implemented (WARNING: The server did not provide any stacktrace information)
Command duration or timeout: 36 milliseconds
Build info: version: '2.53.1', revision: 'a36b8b1cd5757287168e54b817830adce9b0158d', time: '2016-06-30 19:26:09'
System info: host: 'DESKTOP-OT8OU31', ip: '192.168.1.108', os.name: 'Windows 10', os.arch: 'x86', os.version: '10.0', java.version: '1.8.0_131'
Driver info: io.appium.java_client.android.AndroidDriver
Capabilities [{app=C:\Users\unit2a\Downloads\app-debug.apk, appPackage=com.ozeri.babyscale, deviceScreenSize=720x1280, networkConnectionEnabled=true, warnings={}, appWaitPackage=com.ozeri.babyscale, appWaitActivity=com.ozeri.babyscale.presentation.splash.SplashActivity, databaseEnabled=false, deviceName=0123456789ABCDEF, platform=ANDROID, deviceUDID=0123456789ABCDEF, appActivity=com.ozeri.babyscale.presentation.splash.SplashActivity, desired={app=C:\Users\unit2a\Downloads\app-debug.apk, platformVersion=5.0, platformName=Android, deviceName=TestOneAdb1, platform=ANDROID}, platformVersion=5.0, webStorageEnabled=false, locationContextEnabled=false, takesScreenshot=true, javascriptEnabled=true, deviceModel=Micromax Q345, platformName=Android, deviceManufacturer=Micromax}]
Session ID: 0840c383-a838-4fd9-96f1-d64c0196beb8]]>
            </message>
            <full-stacktrace>
              <![CDATA[org.openqa.selenium.WebDriverException: Method has not yet been implemented (WARNING: The server did not provide any stacktrace information)
Command duration or timeout: 36 milliseconds
Build info: version: '2.53.1', revision: 'a36b8b1cd5757287168e54b817830adce9b0158d', time: '2016-06-30 19:26:09'
System info: host: 'DESKTOP-OT8OU31', ip: '192.168.1.108', os.name: 'Windows 10', os.arch: 'x86', os.version: '10.0', java.version: '1.8.0_131'
Driver info: io.appium.java_client.android.AndroidDriver
Capabilities [{app=C:\Users\unit2a\Downloads\app-debug.apk, appPackage=com.ozeri.babyscale, deviceScreenSize=720x1280, networkConnectionEnabled=true, warnings={}, appWaitPackage=com.ozeri.babyscale, appWaitActivity=com.ozeri.babyscale.presentation.splash.SplashActivity, databaseEnabled=false, deviceName=0123456789ABCDEF, platform=ANDROID, deviceUDID=0123456789ABCDEF, appActivity=com.ozeri.babyscale.presentation.splash.SplashActivity, desired={app=C:\Users\unit2a\Downloads\app-debug.apk, platformVersion=5.0, platformName=Android, deviceName=TestOneAdb1, platform=ANDROID}, platformVersion=5.0, webStorageEnabled=false, locationContextEnabled=false, takesScreenshot=true, javascriptEnabled=true, deviceModel=Micromax Q345, platformName=Android, deviceManufacturer=Micromax}]
Session ID: 0840c383-a838-4fd9-96f1-d64c0196beb8
	at sun.reflect.NativeConstructorAccessorImpl.newInstance0(Native Method)
	at sun.reflect.NativeConstructorAccessorImpl.newInstance(NativeConstructorAccessorImpl.java:62)
	at sun.reflect.DelegatingConstructorAccessorImpl.newInstance(DelegatingConstructorAccessorImpl.java:45)
	at java.lang.reflect.Constructor.newInstance(Constructor.java:423)
	at org.openqa.selenium.remote.ErrorHandler.createThrowable(ErrorHandler.java:206)
	at org.openqa.selenium.remote.ErrorHandler.throwIfResponseFailed(ErrorHandler.java:158)
	at org.openqa.selenium.remote.RemoteWebDriver.execute(RemoteWebDriver.java:678)
	at io.appium.java_client.DefaultGenericMobileDriver.execute(DefaultGenericMobileDriver.java:40)
	at io.appium.java_client.AppiumDriver.execute(AppiumDriver.java:1)
	at io.appium.java_client.android.AndroidDriver.execute(AndroidDriver.java:1)
	at org.openqa.selenium.remote.RemoteExecuteMethod.execute(RemoteExecuteMethod.java:35)
	at org.openqa.selenium.remote.RemoteMouse.mouseMove(RemoteMouse.java:89)
	at org.openqa.selenium.interactions.MoveMouseAction.perform(MoveMouseAction.java:39)
	at org.openqa.selenium.interactions.CompositeAction.perform(CompositeAction.java:50)
	at org.openqa.selenium.interactions.Actions.perform(Actions.java:373)
	at appiumrecenttest.Appium1.TestMethod(Appium1.java:62)
	at sun.reflect.NativeMethodAccessorImpl.invoke0(Native Method)
	at sun.reflect.NativeMethodAccessorImpl.invoke(NativeMethodAccessorImpl.java:62)
	at sun.reflect.DelegatingMethodAccessorImpl.invoke(DelegatingMethodAccessorImpl.java:43)
	at java.lang.reflect.Method.invoke(Method.java:498)
	at org.testng.internal.MethodInvocationHelper.invokeMethod(MethodInvocationHelper.java:104)
	at org.testng.internal.Invoker.invokeMethod(Invoker.java:645)
	at org.testng.internal.Invoker.invokeTestMethod(Invoker.java:851)
	at org.testng.internal.Invoker.invokeTestMethods(Invoker.java:1177)
	at org.testng.internal.TestMethodWorker.invokeTestMethods(TestMethodWorker.java:129)
	at org.testng.internal.TestMethodWorker.run(TestMethodWorker.java:112)
	at org.testng.TestRunner.privateRun(TestRunner.java:756)
	at org.testng.TestRunner.run(TestRunner.java:610)
	at org.testng.SuiteRunner.runTest(SuiteRunner.java:387)
	at org.testng.SuiteRunner.runSequentially(SuiteRunner.java:382)
	at org.testng.SuiteRunner.privateRun(SuiteRunner.java:340)
	at org.testng.SuiteRunner.run(SuiteRunner.java:289)
	at org.testng.SuiteRunnerWorker.runSuite(SuiteRunnerWorker.java:52)
	at org.testng.SuiteRunnerWorker.run(SuiteRunnerWorker.java:86)
	at org.testng.TestNG.runSuitesSequentially(TestNG.java:1293)
	at org.testng.TestNG.runSuitesLocally(TestNG.java:1218)
	at org.testng.TestNG.runSuites(TestNG.java:1133)
	at org.testng.TestNG.run(TestNG.java:1104)
	at org.testng.remote.AbstractRemoteTestNG.run(AbstractRemoteTestNG.java:114)
	at org.testng.remote.RemoteTestNG.initAndRun(RemoteTestNG.java:251)
	at org.testng.remote.RemoteTestNG.main(RemoteTestNG.java:77)
]]>
            </full-stacktrace>
          </exception> <!-- org.openqa.selenium.WebDriverException -->
          <reporter-output>
          </reporter-output>
        </test-method> <!-- TestMethod -->
      </class> <!-- appiumrecenttest.Appium1 -->
    </test> <!-- Default test -->
  </suite> <!-- Default suite -->
</testng-results>
