<?xml version="1.0" encoding="UTF-8"?>
<testng-results skipped="0" failed="0" total="1" passed="1">
  <reporter-output>
  </reporter-output>
  <suite name="Default suite" duration-ms="7267" started-at="2018-12-29T04:52:43Z" finished-at="2018-12-29T04:52:50Z">
    <groups>
    </groups>
    <test name="Default test" duration-ms="7267" started-at="2018-12-29T04:52:43Z" finished-at="2018-12-29T04:52:50Z">
      <class name="seleniummukesh.Facebookscreenshort">
        <test-method status="PASS" signature="captureScreenshot()[pri:0, instance:seleniummukesh.Facebookscreenshort@198378d]" name="captureScreenshot" duration-ms="7257" started-at="2018-12-29T10:22:43Z" finished-at="2018-12-29T10:22:50Z">
          <reporter-output>
          </reporter-output>
        </test-method> <!-- captureScreenshot -->
      </class> <!-- seleniummukesh.Facebookscreenshort -->
    </test> <!-- Default test -->
  </suite> <!-- Default suite -->
</testng-results>
