<?xml version="1.0" encoding="UTF-8"?>
<!-- Generated by org.testng.reporters.JUnitXMLReporter -->
<testsuite hostname="DESKTOP-OT8OU31" name="Default test" tests="3" failures="0" timestamp="14 Jun 2018 10:29:24 GMT" time="91.468" errors="0">
  <testcase name="verifyHomePageTitleTest" time="0.015" classname="com.crm.qa.testcase.HomePageTest"/>
  <testcase name="verifyUserNameTest" time="0.085" classname="com.crm.qa.testcase.HomePageTest"/>
  <testcase name="verifyContactsLinkTest" time="0.161" classname="com.crm.qa.testcase.HomePageTest"/>
</testsuite> <!-- Default test -->
